# JRE version: Java(TM) SE Runtime Environment (8.0_144-b01) (build 1.8.0_144-b01)
# Java VM: Java HotSpot(TM) 64-Bit Server VM (25.144-b01 mixed mode windows-amd64 compressed oops)
Heap:
 PSYoungGen      total 140288K, used 140282K [0x00000000d5c00000, 0x00000000e5600000, 0x0000000100000000)
  eden space 133120K, 100% used [0x00000000d5c00000,0x00000000dde00000,0x00000000dde00000)
  from space 7168K, 99% used [0x00000000dde00000,0x00000000de4fe818,0x00000000de500000)
  to   space 11776K, 92% used [0x00000000e4a80000,0x00000000e551b9e8,0x00000000e5600000)
 ParOldGen       total 50176K, used 15066K [0x0000000081400000, 0x0000000084500000, 0x00000000d5c00000)
  object space 50176K, 30% used [0x0000000081400000,0x00000000822b6ac8,0x0000000084500000)
 Metaspace       used 32987K, capacity 33370K, committed 33536K, reserved 1079296K
  class space    used 3972K, capacity 4084K, committed 4096K, reserved 1048576K
GC Heap History (10 events):
Event: 4.368 GC heap after
Heap after GC invocations=4 (full 0):
 PSYoungGen      total 71680K, used 5104K [0x00000000d5c00000, 0x00000000da700000, 0x0000000100000000)
  eden space 66560K, 0% used [0x00000000d5c00000,0x00000000d5c00000,0x00000000d9d00000)
  from space 5120K, 99% used [0x00000000da200000,0x00000000da6fc010,0x00000000da700000)
  to   space 5120K, 0% used [0x00000000d9d00000,0x00000000d9d00000,0x00000000da200000)
 ParOldGen       total 87552K, used 4164K [0x0000000081400000, 0x0000000086980000, 0x00000000d5c00000)
  object space 87552K, 4% used [0x0000000081400000,0x0000000081811050,0x0000000086980000)
 Metaspace       used 19045K, capacity 19318K, committed 19584K, reserved 1067008K
  class space    used 2255K, capacity 2342K, committed 2432K, reserved 1048576K
}
Event: 5.224 GC heap before
{Heap before GC invocations=5 (full 0):
 PSYoungGen      total 71680K, used 71664K [0x00000000d5c00000, 0x00000000da700000, 0x0000000100000000)
  eden space 66560K, 100% used [0x00000000d5c00000,0x00000000d9d00000,0x00000000d9d00000)
  from space 5120K, 99% used [0x00000000da200000,0x00000000da6fc010,0x00000000da700000)
  to   space 5120K, 0% used [0x00000000d9d00000,0x00000000d9d00000,0x00000000da200000)
 ParOldGen       total 87552K, used 4164K [0x0000000081400000, 0x0000000086980000, 0x00000000d5c00000)
  object space 87552K, 4% used [0x0000000081400000,0x0000000081811050,0x0000000086980000)
 Metaspace       used 19906K, capacity 20200K, committed 20480K, reserved 1067008K
  class space    used 2360K, capacity 2441K, committed 2560K, reserved 1048576K
Event: 5.244 GC heap after
Heap after GC invocations=5 (full 0):
 PSYoungGen      total 71680K, used 5093K [0x00000000d5c00000, 0x00000000dec00000, 0x0000000100000000)
  eden space 66560K, 0% used [0x00000000d5c00000,0x00000000d5c00000,0x00000000d9d00000)
  from space 5120K, 99% used [0x00000000d9d00000,0x00000000da1f9450,0x00000000da200000)
  to   space 7168K, 0% used [0x00000000de500000,0x00000000de500000,0x00000000dec00000)
 ParOldGen       total 87552K, used 6149K [0x0000000081400000, 0x0000000086980000, 0x00000000d5c00000)
  object space 87552K, 7% used [0x0000000081400000,0x0000000081a017b8,0x0000000086980000)
 Metaspace       used 19906K, capacity 20200K, committed 20480K, reserved 1067008K
  class space    used 2360K, capacity 2441K, committed 2560K, reserved 1048576K
}
Event: 5.400 GC heap before
{Heap before GC invocations=6 (full 0):
 PSYoungGen      total 71680K, used 12582K [0x00000000d5c00000, 0x00000000dec00000, 0x0000000100000000)
  eden space 66560K, 11% used [0x00000000d5c00000,0x00000000d6350400,0x00000000d9d00000)
  from space 5120K, 99% used [0x00000000d9d00000,0x00000000da1f9450,0x00000000da200000)
  to   space 7168K, 0% used [0x00000000de500000,0x00000000de500000,0x00000000dec00000)
 ParOldGen       total 87552K, used 6149K [0x0000000081400000, 0x0000000086980000, 0x00000000d5c00000)
  object space 87552K, 7% used [0x0000000081400000,0x0000000081a017b8,0x0000000086980000)
 Metaspace       used 20890K, capacity 21146K, committed 21248K, reserved 1069056K
  class space    used 2462K, capacity 2540K, committed 2560K, reserved 1048576K
Event: 5.416 GC heap after
Heap after GC invocations=6 (full 0):
 PSYoungGen      total 140288K, used 5506K [0x00000000d5c00000, 0x00000000dec00000, 0x0000000100000000)
  eden space 133120K, 0% used [0x00000000d5c00000,0x00000000d5c00000,0x00000000dde00000)
  from space 7168K, 76% used [0x00000000de500000,0x00000000dea60a18,0x00000000dec00000)
  to   space 7168K, 0% used [0x00000000dde00000,0x00000000dde00000,0x00000000de500000)
 ParOldGen       total 87552K, used 6157K [0x0000000081400000, 0x0000000086980000, 0x00000000d5c00000)
  object space 87552K, 7% used [0x0000000081400000,0x0000000081a037b8,0x0000000086980000)
 Metaspace       used 20890K, capacity 21146K, committed 21248K, reserved 1069056K
  class space    used 2462K, capacity 2540K, committed 2560K, reserved 1048576K
}
Event: 5.416 GC heap before
{Heap before GC invocations=7 (full 1):
 PSYoungGen      total 140288K, used 5506K [0x00000000d5c00000, 0x00000000dec00000, 0x0000000100000000)
  eden space 133120K, 0% used [0x00000000d5c00000,0x00000000d5c00000,0x00000000dde00000)
  from space 7168K, 76% used [0x00000000de500000,0x00000000dea60a18,0x00000000dec00000)
  to   space 7168K, 0% used [0x00000000dde00000,0x00000000dde00000,0x00000000de500000)
 ParOldGen       total 87552K, used 6157K [0x0000000081400000, 0x0000000086980000, 0x00000000d5c00000)
  object space 87552K, 7% used [0x0000000081400000,0x0000000081a037b8,0x0000000086980000)
 Metaspace       used 20890K, capacity 21146K, committed 21248K, reserved 1069056K
  class space    used 2462K, capacity 2540K, committed 2560K, reserved 1048576K
Event: 5.475 GC heap after
Heap after GC invocations=7 (full 1):
 PSYoungGen      total 140288K, used 0K [0x00000000d5c00000, 0x00000000dec00000, 0x0000000100000000)
  eden space 133120K, 0% used [0x00000000d5c00000,0x00000000d5c00000,0x00000000dde00000)
  from space 7168K, 0% used [0x00000000de500000,0x00000000de500000,0x00000000dec00000)
  to   space 7168K, 0% used [0x00000000dde00000,0x00000000dde00000,0x00000000de500000)
 ParOldGen       total 50176K, used 6969K [0x0000000081400000, 0x0000000084500000, 0x00000000d5c00000)
  object space 50176K, 13% used [0x0000000081400000,0x0000000081ace5c0,0x0000000084500000)
 Metaspace       used 20890K, capacity 21146K, committed 21248K, reserved 1069056K
  class space    used 2462K, capacity 2540K, committed 2560K, reserved 1048576K
}
Event: 8.917 GC heap before
{Heap before GC invocations=8 (full 1):
 PSYoungGen      total 140288K, used 133120K [0x00000000d5c00000, 0x00000000dec00000, 0x0000000100000000)
  eden space 133120K, 100% used [0x00000000d5c00000,0x00000000dde00000,0x00000000dde00000)
  from space 7168K, 0% used [0x00000000de500000,0x00000000de500000,0x00000000dec00000)
  to   space 7168K, 0% used [0x00000000dde00000,0x00000000dde00000,0x00000000de500000)
 ParOldGen       total 50176K, used 6969K [0x0000000081400000, 0x0000000084500000, 0x00000000d5c00000)
  object space 50176K, 13% used [0x0000000081400000,0x0000000081ace5c0,0x0000000084500000)
 Metaspace       used 30249K, capacity 30628K, committed 30976K, reserved 1077248K
  class space    used 3654K, capacity 3771K, committed 3840K, reserved 1048576K
Event: 8.946 GC heap after
Heap after GC invocations=8 (full 1):
 PSYoungGen      total 140288K, used 7162K [0x00000000d5c00000, 0x00000000e5600000, 0x0000000100000000)
  eden space 133120K, 0% used [0x00000000d5c00000,0x00000000d5c00000,0x00000000dde00000)
  from space 7168K, 99% used [0x00000000dde00000,0x00000000de4fe818,0x00000000de500000)
  to   space 11776K, 0% used [0x00000000e4a80000,0x00000000e4a80000,0x00000000e5600000)
 ParOldGen       total 50176K, used 15058K [0x0000000081400000, 0x0000000084500000, 0x00000000d5c00000)
  object space 50176K, 30% used [0x0000000081400000,0x00000000822b4ac8,0x0000000084500000)
 Metaspace       used 30249K, capacity 30628K, committed 30976K, reserved 1077248K
  class space    used 3654K, capacity 3771K, committed 3840K, reserved 1048576K
}
Event: 10.830 GC heap before
{Heap before GC invocations=9 (full 1):
 PSYoungGen      total 140288K, used 140282K [0x00000000d5c00000, 0x00000000e5600000, 0x0000000100000000)
  eden space 133120K, 100% used [0x00000000d5c00000,0x00000000dde00000,0x00000000dde00000)
  from space 7168K, 99% used [0x00000000dde00000,0x00000000de4fe818,0x00000000de500000)
  to   space 11776K, 0% used [0x00000000e4a80000,0x00000000e4a80000,0x00000000e5600000)
 ParOldGen       total 50176K, used 15058K [0x0000000081400000, 0x0000000084500000, 0x00000000d5c00000)
  object space 50176K, 30% used [0x0000000081400000,0x00000000822b4ac8,0x0000000084500000)
 Metaspace       used 32987K, capacity 33370K, committed 33536K, reserved 1079296K
  class space    used 3972K, capacity 4084K, committed 4096K, reserved 1048576K

