# JRE version: Java(TM) SE Runtime Environment (8.0_144-b01) (build 1.8.0_144-b01)
# Java VM: Java HotSpot(TM) 64-Bit Server VM (25.144-b01 mixed mode windows-amd64 compressed oops)
Heap:
 PSYoungGen      total 161792K, used 35555K [0x00000000d5c00000, 0x00000000e2500000, 0x0000000100000000)
  eden space 151552K, 16% used [0x00000000d5c00000,0x00000000d74b99e0,0x00000000df000000)
  from space 10240K, 99% used [0x00000000dfd80000,0x00000000e077f5f8,0x00000000e0780000)
  to   space 13824K, 0% used [0x00000000df000000,0x00000000df000000,0x00000000dfd80000)
 ParOldGen       total 52224K, used 17693K [0x0000000081400000, 0x0000000084700000, 0x00000000d5c00000)
  object space 52224K, 33% used [0x0000000081400000,0x00000000825476a8,0x0000000084700000)
 Metaspace       used 34383K, capacity 34916K, committed 34992K, reserved 1079296K
  class space    used 4102K, capacity 4219K, committed 4272K, reserved 1048576K
GC Heap History (10 events):
Event: 14.353 GC heap before
{Heap before GC invocations=7 (full 0):
 PSYoungGen      total 73728K, used 13151K [0x00000000d5c00000, 0x00000000dab00000, 0x0000000100000000)
  eden space 66560K, 11% used [0x00000000d5c00000,0x00000000d6378240,0x00000000d9d00000)
  from space 7168K, 76% used [0x00000000da400000,0x00000000da95fbf8,0x00000000dab00000)
  to   space 7168K, 0% used [0x00000000d9d00000,0x00000000d9d00000,0x00000000da400000)
 ParOldGen       total 87552K, used 5798K [0x0000000081400000, 0x0000000086980000, 0x00000000d5c00000)
  object space 87552K, 6% used [0x0000000081400000,0x00000000819a98e0,0x0000000086980000)
 Metaspace       used 20896K, capacity 21178K, committed 21296K, reserved 1069056K
  class space    used 2464K, capacity 2572K, committed 2608K, reserved 1048576K
Event: 14.377 GC heap after
Heap after GC invocations=7 (full 0):
 PSYoungGen      total 73728K, used 3223K [0x00000000d5c00000, 0x00000000ded00000, 0x0000000100000000)
  eden space 66560K, 0% used [0x00000000d5c00000,0x00000000d5c00000,0x00000000d9d00000)
  from space 7168K, 44% used [0x00000000d9d00000,0x00000000da025f10,0x00000000da400000)
  to   space 7680K, 0% used [0x00000000de580000,0x00000000de580000,0x00000000ded00000)
 ParOldGen       total 87552K, used 8337K [0x0000000081400000, 0x0000000086980000, 0x00000000d5c00000)
  object space 87552K, 9% used [0x0000000081400000,0x0000000081c244e8,0x0000000086980000)
 Metaspace       used 20896K, capacity 21178K, committed 21296K, reserved 1069056K
  class space    used 2464K, capacity 2572K, committed 2608K, reserved 1048576K
}
Event: 14.377 GC heap before
{Heap before GC invocations=8 (full 1):
 PSYoungGen      total 73728K, used 3223K [0x00000000d5c00000, 0x00000000ded00000, 0x0000000100000000)
  eden space 66560K, 0% used [0x00000000d5c00000,0x00000000d5c00000,0x00000000d9d00000)
  from space 7168K, 44% used [0x00000000d9d00000,0x00000000da025f10,0x00000000da400000)
  to   space 7680K, 0% used [0x00000000de580000,0x00000000de580000,0x00000000ded00000)
 ParOldGen       total 87552K, used 8337K [0x0000000081400000, 0x0000000086980000, 0x00000000d5c00000)
  object space 87552K, 9% used [0x0000000081400000,0x0000000081c244e8,0x0000000086980000)
 Metaspace       used 20896K, capacity 21178K, committed 21296K, reserved 1069056K
  class space    used 2464K, capacity 2572K, committed 2608K, reserved 1048576K
Event: 14.580 GC heap after
Heap after GC invocations=8 (full 1):
 PSYoungGen      total 73728K, used 0K [0x00000000d5c00000, 0x00000000ded00000, 0x0000000100000000)
  eden space 66560K, 0% used [0x00000000d5c00000,0x00000000d5c00000,0x00000000d9d00000)
  from space 7168K, 0% used [0x00000000d9d00000,0x00000000d9d00000,0x00000000da400000)
  to   space 7680K, 0% used [0x00000000de580000,0x00000000de580000,0x00000000ded00000)
 ParOldGen       total 52224K, used 6994K [0x0000000081400000, 0x0000000084700000, 0x00000000d5c00000)
  object space 52224K, 13% used [0x0000000081400000,0x0000000081ad48d8,0x0000000084700000)
 Metaspace       used 20896K, capacity 21178K, committed 21296K, reserved 1069056K
  class space    used 2464K, capacity 2572K, committed 2608K, reserved 1048576K
}
Event: 20.080 GC heap before
{Heap before GC invocations=9 (full 1):
 PSYoungGen      total 73728K, used 66560K [0x00000000d5c00000, 0x00000000ded00000, 0x0000000100000000)
  eden space 66560K, 100% used [0x00000000d5c00000,0x00000000d9d00000,0x00000000d9d00000)
  from space 7168K, 0% used [0x00000000d9d00000,0x00000000d9d00000,0x00000000da400000)
  to   space 7680K, 0% used [0x00000000de580000,0x00000000de580000,0x00000000ded00000)
 ParOldGen       total 52224K, used 6994K [0x0000000081400000, 0x0000000084700000, 0x00000000d5c00000)
  object space 52224K, 13% used [0x0000000081400000,0x0000000081ad48d8,0x0000000084700000)
 Metaspace       used 26172K, capacity 26502K, committed 26800K, reserved 1073152K
  class space    used 3105K, capacity 3190K, committed 3248K, reserved 1048576K
Event: 20.117 GC heap after
Heap after GC invocations=9 (full 1):
 PSYoungGen      total 119296K, used 6716K [0x00000000d5c00000, 0x00000000dec80000, 0x0000000100000000)
  eden space 112128K, 0% used [0x00000000d5c00000,0x00000000d5c00000,0x00000000dc980000)
  from space 7168K, 93% used [0x00000000de580000,0x00000000dec0f370,0x00000000dec80000)
  to   space 8192K, 0% used [0x00000000ddc80000,0x00000000ddc80000,0x00000000de480000)
 ParOldGen       total 52224K, used 7002K [0x0000000081400000, 0x0000000084700000, 0x00000000d5c00000)
  object space 52224K, 13% used [0x0000000081400000,0x0000000081ad68d8,0x0000000084700000)
 Metaspace       used 26172K, capacity 26502K, committed 26800K, reserved 1073152K
  class space    used 3105K, capacity 3190K, committed 3248K, reserved 1048576K
}
Event: 24.195 GC heap before
{Heap before GC invocations=10 (full 1):
 PSYoungGen      total 119296K, used 118792K [0x00000000d5c00000, 0x00000000dec80000, 0x0000000100000000)
  eden space 112128K, 99% used [0x00000000d5c00000,0x00000000dc972db8,0x00000000dc980000)
  from space 7168K, 93% used [0x00000000de580000,0x00000000dec0f370,0x00000000dec80000)
  to   space 8192K, 0% used [0x00000000ddc80000,0x00000000ddc80000,0x00000000de480000)
 ParOldGen       total 52224K, used 7002K [0x0000000081400000, 0x0000000084700000, 0x00000000d5c00000)
  object space 52224K, 13% used [0x0000000081400000,0x0000000081ad68d8,0x0000000084700000)
 Metaspace       used 30393K, capacity 30756K, committed 31280K, reserved 1077248K
  class space    used 3659K, capacity 3771K, committed 3888K, reserved 1048576K
Event: 24.232 GC heap after
Heap after GC invocations=10 (full 1):
 PSYoungGen      total 139776K, used 8175K [0x00000000d5c00000, 0x00000000e0780000, 0x0000000100000000)
  eden space 131584K, 0% used [0x00000000d5c00000,0x00000000d5c00000,0x00000000ddc80000)
  from space 8192K, 99% used [0x00000000ddc80000,0x00000000de47be60,0x00000000de480000)
  to   space 10240K, 0% used [0x00000000dfd80000,0x00000000dfd80000,0x00000000e0780000)
 ParOldGen       total 52224K, used 10886K [0x0000000081400000, 0x0000000084700000, 0x00000000d5c00000)
  object space 52224K, 20% used [0x0000000081400000,0x0000000081ea1910,0x0000000084700000)
 Metaspace       used 30393K, capacity 30756K, committed 31280K, reserved 1077248K
  class space    used 3659K, capacity 3771K, committed 3888K, reserved 1048576K
}
Event: 33.581 GC heap before
{Heap before GC invocations=11 (full 1):
 PSYoungGen      total 139776K, used 139759K [0x00000000d5c00000, 0x00000000e0780000, 0x0000000100000000)
  eden space 131584K, 100% used [0x00000000d5c00000,0x00000000ddc80000,0x00000000ddc80000)
  from space 8192K, 99% used [0x00000000ddc80000,0x00000000de47be60,0x00000000de480000)
  to   space 10240K, 0% used [0x00000000dfd80000,0x00000000dfd80000,0x00000000e0780000)
 ParOldGen       total 52224K, used 10886K [0x0000000081400000, 0x0000000084700000, 0x00000000d5c00000)
  object space 52224K, 20% used [0x0000000081400000,0x0000000081ea1910,0x0000000084700000)
 Metaspace       used 34069K, capacity 34558K, committed 34736K, reserved 1079296K
  class space    used 4070K, capacity 4202K, committed 4272K, reserved 1048576K
Event: 33.642 GC heap after
Heap after GC invocations=11 (full 1):
 PSYoungGen      total 161792K, used 10237K [0x00000000d5c00000, 0x00000000e2500000, 0x0000000100000000)
  eden space 151552K, 0% used [0x00000000d5c00000,0x00000000d5c00000,0x00000000df000000)
  from space 10240K, 99% used [0x00000000dfd80000,0x00000000e077f5f8,0x00000000e0780000)
  to   space 13824K, 0% used [0x00000000df000000,0x00000000df000000,0x00000000dfd80000)
 ParOldGen       total 52224K, used 17693K [0x0000000081400000, 0x0000000084700000, 0x00000000d5c00000)
  object space 52224K, 33% used [0x0000000081400000,0x00000000825476a8,0x0000000084700000)
 Metaspace       used 34069K, capacity 34558K, committed 34736K, reserved 1079296K
  class space    used 4070K, capacity 4202K, committed 4272K, reserved 1048576K
}

