# JRE version: Java(TM) SE Runtime Environment (8.0_144-b01) (build 1.8.0_144-b01)
# Java VM: Java HotSpot(TM) 64-Bit Server VM (25.144-b01 mixed mode windows-amd64 compressed oops)
Heap:
 PSYoungGen      total 235008K, used 27480K [0x00000000d5c00000, 0x00000000ea800000, 0x0000000100000000)
  eden space 221184K, 12% used [0x00000000d5c00000,0x00000000d76d6298,0x00000000e3400000)
  from space 13824K, 0% used [0x00000000e3400000,0x00000000e3400000,0x00000000e4180000)
  to   space 16384K, 0% used [0x00000000e9800000,0x00000000e9800000,0x00000000ea800000)
 ParOldGen       total 88064K, used 24805K [0x0000000081400000, 0x0000000086a00000, 0x00000000d5c00000)
  object space 88064K, 28% used [0x0000000081400000,0x0000000082c39620,0x0000000086a00000)
 Metaspace       used 37779K, capacity 38330K, committed 38448K, reserved 1083392K
  class space    used 4715K, capacity 4840K, committed 4912K, reserved 1048576K
GC Heap History (10 events):
Event: 5.648 GC heap before
{Heap before GC invocations=7 (full 1):
 PSYoungGen      total 140288K, used 5570K [0x00000000d5c00000, 0x00000000dec00000, 0x0000000100000000)
  eden space 133120K, 0% used [0x00000000d5c00000,0x00000000d5c00000,0x00000000dde00000)
  from space 7168K, 77% used [0x00000000de500000,0x00000000dea70a18,0x00000000dec00000)
  to   space 7168K, 0% used [0x00000000dde00000,0x00000000dde00000,0x00000000de500000)
 ParOldGen       total 87552K, used 6416K [0x0000000081400000, 0x0000000086980000, 0x00000000d5c00000)
  object space 87552K, 7% used [0x0000000081400000,0x0000000081a44388,0x0000000086980000)
 Metaspace       used 20887K, capacity 21174K, committed 21296K, reserved 1069056K
  class space    used 2482K, capacity 2572K, committed 2608K, reserved 1048576K
Event: 5.729 GC heap after
Heap after GC invocations=7 (full 1):
 PSYoungGen      total 140288K, used 0K [0x00000000d5c00000, 0x00000000dec00000, 0x0000000100000000)
  eden space 133120K, 0% used [0x00000000d5c00000,0x00000000d5c00000,0x00000000dde00000)
  from space 7168K, 0% used [0x00000000de500000,0x00000000de500000,0x00000000dec00000)
  to   space 7168K, 0% used [0x00000000dde00000,0x00000000dde00000,0x00000000de500000)
 ParOldGen       total 51200K, used 6992K [0x0000000081400000, 0x0000000084600000, 0x00000000d5c00000)
  object space 51200K, 13% used [0x0000000081400000,0x0000000081ad4080,0x0000000084600000)
 Metaspace       used 20887K, capacity 21174K, committed 21296K, reserved 1069056K
  class space    used 2482K, capacity 2572K, committed 2608K, reserved 1048576K
}
Event: 9.843 GC heap before
{Heap before GC invocations=8 (full 1):
 PSYoungGen      total 140288K, used 133120K [0x00000000d5c00000, 0x00000000dec00000, 0x0000000100000000)
  eden space 133120K, 100% used [0x00000000d5c00000,0x00000000dde00000,0x00000000dde00000)
  from space 7168K, 0% used [0x00000000de500000,0x00000000de500000,0x00000000dec00000)
  to   space 7168K, 0% used [0x00000000dde00000,0x00000000dde00000,0x00000000de500000)
 ParOldGen       total 51200K, used 6992K [0x0000000081400000, 0x0000000084600000, 0x00000000d5c00000)
  object space 51200K, 13% used [0x0000000081400000,0x0000000081ad4080,0x0000000084600000)
 Metaspace       used 30007K, capacity 30368K, committed 30768K, reserved 1077248K
  class space    used 3656K, capacity 3771K, committed 3888K, reserved 1048576K
Event: 9.863 GC heap after
Heap after GC invocations=8 (full 1):
 PSYoungGen      total 140288K, used 7145K [0x00000000d5c00000, 0x00000000e4f00000, 0x0000000100000000)
  eden space 133120K, 0% used [0x00000000d5c00000,0x00000000d5c00000,0x00000000dde00000)
  from space 7168K, 99% used [0x00000000dde00000,0x00000000de4fa600,0x00000000de500000)
  to   space 11776K, 0% used [0x00000000e4380000,0x00000000e4380000,0x00000000e4f00000)
 ParOldGen       total 51200K, used 15182K [0x0000000081400000, 0x0000000084600000, 0x00000000d5c00000)
  object space 51200K, 29% used [0x0000000081400000,0x00000000822d39b0,0x0000000084600000)
 Metaspace       used 30007K, capacity 30368K, committed 30768K, reserved 1077248K
  class space    used 3656K, capacity 3771K, committed 3888K, reserved 1048576K
}
Event: 12.066 GC heap before
{Heap before GC invocations=9 (full 1):
 PSYoungGen      total 140288K, used 140265K [0x00000000d5c00000, 0x00000000e4f00000, 0x0000000100000000)
  eden space 133120K, 100% used [0x00000000d5c00000,0x00000000dde00000,0x00000000dde00000)
  from space 7168K, 99% used [0x00000000dde00000,0x00000000de4fa600,0x00000000de500000)
  to   space 11776K, 0% used [0x00000000e4380000,0x00000000e4380000,0x00000000e4f00000)
 ParOldGen       total 51200K, used 15182K [0x0000000081400000, 0x0000000084600000, 0x00000000d5c00000)
  object space 51200K, 29% used [0x0000000081400000,0x00000000822d39b0,0x0000000084600000)
 Metaspace       used 32736K, capacity 33110K, committed 33328K, reserved 1079296K
  class space    used 3975K, capacity 4084K, committed 4144K, reserved 1048576K
Event: 12.090 GC heap after
Heap after GC invocations=9 (full 1):
 PSYoungGen      total 231424K, used 11745K [0x00000000d5c00000, 0x00000000e4f00000, 0x0000000100000000)
  eden space 219648K, 0% used [0x00000000d5c00000,0x00000000d5c00000,0x00000000e3280000)
  from space 11776K, 99% used [0x00000000e4380000,0x00000000e4ef8608,0x00000000e4f00000)
  to   space 13824K, 0% used [0x00000000e3400000,0x00000000e3400000,0x00000000e4180000)
 ParOldGen       total 51200K, used 16694K [0x0000000081400000, 0x0000000084600000, 0x00000000d5c00000)
  object space 51200K, 32% used [0x0000000081400000,0x000000008244dbe8,0x0000000084600000)
 Metaspace       used 32736K, capacity 33110K, committed 33328K, reserved 1079296K
  class space    used 3975K, capacity 4084K, committed 4144K, reserved 1048576K
}
Event: 14.354 GC heap before
{Heap before GC invocations=10 (full 1):
 PSYoungGen      total 231424K, used 104541K [0x00000000d5c00000, 0x00000000e4f00000, 0x0000000100000000)
  eden space 219648K, 42% used [0x00000000d5c00000,0x00000000db69f158,0x00000000e3280000)
  from space 11776K, 99% used [0x00000000e4380000,0x00000000e4ef8608,0x00000000e4f00000)
  to   space 13824K, 0% used [0x00000000e3400000,0x00000000e3400000,0x00000000e4180000)
 ParOldGen       total 51200K, used 16694K [0x0000000081400000, 0x0000000084600000, 0x00000000d5c00000)
  object space 51200K, 32% used [0x0000000081400000,0x000000008244dbe8,0x0000000084600000)
 Metaspace       used 34814K, capacity 35350K, committed 35496K, reserved 1081344K
  class space    used 4196K, capacity 4316K, committed 4400K, reserved 1048576K
Event: 14.427 GC heap after
Heap after GC invocations=10 (full 1):
 PSYoungGen      total 235008K, used 13802K [0x00000000d5c00000, 0x00000000ea800000, 0x0000000100000000)
  eden space 221184K, 0% used [0x00000000d5c00000,0x00000000d5c00000,0x00000000e3400000)
  from space 13824K, 99% used [0x00000000e3400000,0x00000000e417abd8,0x00000000e4180000)
  to   space 16384K, 0% used [0x00000000e9800000,0x00000000e9800000,0x00000000ea800000)
 ParOldGen       total 51200K, used 19464K [0x0000000081400000, 0x0000000084600000, 0x00000000d5c00000)
  object space 51200K, 38% used [0x0000000081400000,0x0000000082702030,0x0000000084600000)
 Metaspace       used 34814K, capacity 35350K, committed 35496K, reserved 1081344K
  class space    used 4196K, capacity 4316K, committed 4400K, reserved 1048576K
}
Event: 14.427 GC heap before
{Heap before GC invocations=11 (full 2):
 PSYoungGen      total 235008K, used 13802K [0x00000000d5c00000, 0x00000000ea800000, 0x0000000100000000)
  eden space 221184K, 0% used [0x00000000d5c00000,0x00000000d5c00000,0x00000000e3400000)
  from space 13824K, 99% used [0x00000000e3400000,0x00000000e417abd8,0x00000000e4180000)
  to   space 16384K, 0% used [0x00000000e9800000,0x00000000e9800000,0x00000000ea800000)
 ParOldGen       total 51200K, used 19464K [0x0000000081400000, 0x0000000084600000, 0x00000000d5c00000)
  object space 51200K, 38% used [0x0000000081400000,0x0000000082702030,0x0000000084600000)
 Metaspace       used 34814K, capacity 35350K, committed 35496K, reserved 1081344K
  class space    used 4196K, capacity 4316K, committed 4400K, reserved 1048576K
Event: 14.588 GC heap after
Heap after GC invocations=11 (full 2):
 PSYoungGen      total 235008K, used 0K [0x00000000d5c00000, 0x00000000ea800000, 0x0000000100000000)
  eden space 221184K, 0% used [0x00000000d5c00000,0x00000000d5c00000,0x00000000e3400000)
  from space 13824K, 0% used [0x00000000e3400000,0x00000000e3400000,0x00000000e4180000)
  to   space 16384K, 0% used [0x00000000e9800000,0x00000000e9800000,0x00000000ea800000)
 ParOldGen       total 88064K, used 24805K [0x0000000081400000, 0x0000000086a00000, 0x00000000d5c00000)
  object space 88064K, 28% used [0x0000000081400000,0x0000000082c39620,0x0000000086a00000)
 Metaspace       used 34814K, capacity 35350K, committed 35496K, reserved 1081344K
  class space    used 4196K, capacity 4316K, committed 4400K, reserved 1048576K
}

