# JRE version: Java(TM) SE Runtime Environment (8.0_144-b01) (build 1.8.0_144-b01)
# Java VM: Java HotSpot(TM) 64-Bit Server VM (25.144-b01 mixed mode windows-amd64 compressed oops)
Heap:
 PSYoungGen      total 229888K, used 101980K [0x00000000d5c00000, 0x00000000e9780000, 0x0000000100000000)
  eden space 216064K, 47% used [0x00000000d5c00000,0x00000000dbf973c8,0x00000000e2f00000)
  from space 13824K, 0% used [0x00000000e2f00000,0x00000000e2f00000,0x00000000e3c80000)
  to   space 16384K, 0% used [0x00000000e8780000,0x00000000e8780000,0x00000000e9780000)
 ParOldGen       total 91136K, used 24654K [0x0000000081400000, 0x0000000086d00000, 0x00000000d5c00000)
  object space 91136K, 27% used [0x0000000081400000,0x0000000082c13a40,0x0000000086d00000)
 Metaspace       used 44293K, capacity 44894K, committed 45312K, reserved 1089536K
  class space    used 5436K, capacity 5554K, committed 5632K, reserved 1048576K
GC Heap History (10 events):
Event: 6.081 GC heap before
{Heap before GC invocations=7 (full 1):
 PSYoungGen      total 140288K, used 5549K [0x00000000d5c00000, 0x00000000dec00000, 0x0000000100000000)
  eden space 133120K, 0% used [0x00000000d5c00000,0x00000000d5c00000,0x00000000dde00000)
  from space 7168K, 77% used [0x00000000de500000,0x00000000dea6b5b8,0x00000000dec00000)
  to   space 7168K, 0% used [0x00000000dde00000,0x00000000dde00000,0x00000000de500000)
 ParOldGen       total 87552K, used 6302K [0x0000000081400000, 0x0000000086980000, 0x00000000d5c00000)
  object space 87552K, 7% used [0x0000000081400000,0x0000000081a27a40,0x0000000086980000)
 Metaspace       used 20899K, capacity 21146K, committed 21248K, reserved 1069056K
  class space    used 2461K, capacity 2540K, committed 2560K, reserved 1048576K
Event: 6.163 GC heap after
Heap after GC invocations=7 (full 1):
 PSYoungGen      total 140288K, used 0K [0x00000000d5c00000, 0x00000000dec00000, 0x0000000100000000)
  eden space 133120K, 0% used [0x00000000d5c00000,0x00000000d5c00000,0x00000000dde00000)
  from space 7168K, 0% used [0x00000000de500000,0x00000000de500000,0x00000000dec00000)
  to   space 7168K, 0% used [0x00000000dde00000,0x00000000dde00000,0x00000000de500000)
 ParOldGen       total 52736K, used 6939K [0x0000000081400000, 0x0000000084780000, 0x00000000d5c00000)
  object space 52736K, 13% used [0x0000000081400000,0x0000000081ac6cb8,0x0000000084780000)
 Metaspace       used 20899K, capacity 21146K, committed 21248K, reserved 1069056K
  class space    used 2461K, capacity 2540K, committed 2560K, reserved 1048576K
}
Event: 10.421 GC heap before
{Heap before GC invocations=8 (full 1):
 PSYoungGen      total 140288K, used 133098K [0x00000000d5c00000, 0x00000000dec00000, 0x0000000100000000)
  eden space 133120K, 99% used [0x00000000d5c00000,0x00000000dddfa9d0,0x00000000dde00000)
  from space 7168K, 0% used [0x00000000de500000,0x00000000de500000,0x00000000dec00000)
  to   space 7168K, 0% used [0x00000000dde00000,0x00000000dde00000,0x00000000de500000)
 ParOldGen       total 52736K, used 6939K [0x0000000081400000, 0x0000000084780000, 0x00000000d5c00000)
  object space 52736K, 13% used [0x0000000081400000,0x0000000081ac6cb8,0x0000000084780000)
 Metaspace       used 30281K, capacity 30628K, committed 30976K, reserved 1077248K
  class space    used 3653K, capacity 3771K, committed 3840K, reserved 1048576K
Event: 10.446 GC heap after
Heap after GC invocations=8 (full 1):
 PSYoungGen      total 140288K, used 7163K [0x00000000d5c00000, 0x00000000e4a00000, 0x0000000100000000)
  eden space 133120K, 0% used [0x00000000d5c00000,0x00000000d5c00000,0x00000000dde00000)
  from space 7168K, 99% used [0x00000000dde00000,0x00000000de4fee70,0x00000000de500000)
  to   space 11776K, 0% used [0x00000000e3e80000,0x00000000e3e80000,0x00000000e4a00000)
 ParOldGen       total 52736K, used 15054K [0x0000000081400000, 0x0000000084780000, 0x00000000d5c00000)
  object space 52736K, 28% used [0x0000000081400000,0x00000000822b3bf8,0x0000000084780000)
 Metaspace       used 30281K, capacity 30628K, committed 30976K, reserved 1077248K
  class space    used 3653K, capacity 3771K, committed 3840K, reserved 1048576K
}
Event: 14.053 GC heap before
{Heap before GC invocations=9 (full 1):
 PSYoungGen      total 140288K, used 140283K [0x00000000d5c00000, 0x00000000e4a00000, 0x0000000100000000)
  eden space 133120K, 100% used [0x00000000d5c00000,0x00000000dde00000,0x00000000dde00000)
  from space 7168K, 99% used [0x00000000dde00000,0x00000000de4fee70,0x00000000de500000)
  to   space 11776K, 0% used [0x00000000e3e80000,0x00000000e3e80000,0x00000000e4a00000)
 ParOldGen       total 52736K, used 15054K [0x0000000081400000, 0x0000000084780000, 0x00000000d5c00000)
  object space 52736K, 28% used [0x0000000081400000,0x00000000822b3bf8,0x0000000084780000)
 Metaspace       used 32972K, capacity 33434K, committed 33792K, reserved 1079296K
  class space    used 3962K, capacity 4084K, committed 4096K, reserved 1048576K
Event: 14.084 GC heap after
Heap after GC invocations=9 (full 1):
 PSYoungGen      total 226304K, used 11772K [0x00000000d5c00000, 0x00000000e4a00000, 0x0000000100000000)
  eden space 214528K, 0% used [0x00000000d5c00000,0x00000000d5c00000,0x00000000e2d80000)
  from space 11776K, 99% used [0x00000000e3e80000,0x00000000e49ff188,0x00000000e4a00000)
  to   space 13824K, 0% used [0x00000000e2f00000,0x00000000e2f00000,0x00000000e3c80000)
 ParOldGen       total 52736K, used 16482K [0x0000000081400000, 0x0000000084780000, 0x00000000d5c00000)
  object space 52736K, 31% used [0x0000000081400000,0x0000000082418b38,0x0000000084780000)
 Metaspace       used 32972K, capacity 33434K, committed 33792K, reserved 1079296K
  class space    used 3962K, capacity 4084K, committed 4096K, reserved 1048576K
}
Event: 16.766 GC heap before
{Heap before GC invocations=10 (full 1):
 PSYoungGen      total 226304K, used 103855K [0x00000000d5c00000, 0x00000000e4a00000, 0x0000000100000000)
  eden space 214528K, 42% used [0x00000000d5c00000,0x00000000db5ecc18,0x00000000e2d80000)
  from space 11776K, 99% used [0x00000000e3e80000,0x00000000e49ff188,0x00000000e4a00000)
  to   space 13824K, 0% used [0x00000000e2f00000,0x00000000e2f00000,0x00000000e3c80000)
 ParOldGen       total 52736K, used 16482K [0x0000000081400000, 0x0000000084780000, 0x00000000d5c00000)
  object space 52736K, 31% used [0x0000000081400000,0x0000000082418b38,0x0000000084780000)
 Metaspace       used 34800K, capacity 35322K, committed 35416K, reserved 1081344K
  class space    used 4154K, capacity 4284K, committed 4352K, reserved 1048576K
Event: 16.801 GC heap after
Heap after GC invocations=10 (full 1):
 PSYoungGen      total 229888K, used 13819K [0x00000000d5c00000, 0x00000000e9780000, 0x0000000100000000)
  eden space 216064K, 0% used [0x00000000d5c00000,0x00000000d5c00000,0x00000000e2f00000)
  from space 13824K, 99% used [0x00000000e2f00000,0x00000000e3c7ef80,0x00000000e3c80000)
  to   space 16384K, 0% used [0x00000000e8780000,0x00000000e8780000,0x00000000e9780000)
 ParOldGen       total 52736K, used 19278K [0x0000000081400000, 0x0000000084780000, 0x00000000d5c00000)
  object space 52736K, 36% used [0x0000000081400000,0x00000000826d3a88,0x0000000084780000)
 Metaspace       used 34800K, capacity 35322K, committed 35416K, reserved 1081344K
  class space    used 4154K, capacity 4284K, committed 4352K, reserved 1048576K
}
Event: 16.801 GC heap before
{Heap before GC invocations=11 (full 2):
 PSYoungGen      total 229888K, used 13819K [0x00000000d5c00000, 0x00000000e9780000, 0x0000000100000000)
  eden space 216064K, 0% used [0x00000000d5c00000,0x00000000d5c00000,0x00000000e2f00000)
  from space 13824K, 99% used [0x00000000e2f00000,0x00000000e3c7ef80,0x00000000e3c80000)
  to   space 16384K, 0% used [0x00000000e8780000,0x00000000e8780000,0x00000000e9780000)
 ParOldGen       total 52736K, used 19278K [0x0000000081400000, 0x0000000084780000, 0x00000000d5c00000)
  object space 52736K, 36% used [0x0000000081400000,0x00000000826d3a88,0x0000000084780000)
 Metaspace       used 34800K, capacity 35322K, committed 35416K, reserved 1081344K
  class space    used 4154K, capacity 4284K, committed 4352K, reserved 1048576K
Event: 16.917 GC heap after
Heap after GC invocations=11 (full 2):
 PSYoungGen      total 229888K, used 0K [0x00000000d5c00000, 0x00000000e9780000, 0x0000000100000000)
  eden space 216064K, 0% used [0x00000000d5c00000,0x00000000d5c00000,0x00000000e2f00000)
  from space 13824K, 0% used [0x00000000e2f00000,0x00000000e2f00000,0x00000000e3c80000)
  to   space 16384K, 0% used [0x00000000e8780000,0x00000000e8780000,0x00000000e9780000)
 ParOldGen       total 91136K, used 24654K [0x0000000081400000, 0x0000000086d00000, 0x00000000d5c00000)
  object space 91136K, 27% used [0x0000000081400000,0x0000000082c13a40,0x0000000086d00000)
 Metaspace       used 34800K, capacity 35322K, committed 35416K, reserved 1081344K
  class space    used 4154K, capacity 4284K, committed 4352K, reserved 1048576K
}

